<?xml version="1.0" encoding="UTF-8"?>
<!-- Generated by org.testng.reporters.JUnitReportReporter -->
<testsuite hostname="FVFF75WVQ05N" failures="0" tests="1" name="Practice.Nykaa" time="7.790" errors="1" timestamp="2023-08-28T16:03:04 IST" skipped="0">
  <testcase classname="Practice.Nykaa" name="add_to_cart" time="7.790">
    <error message="session not created: This version of ChromeDriver only supports Chrome version 114
Current browser version is 116.0.5845.110 with binary path /Applications/Google Chrome.app/Contents/MacOS/Google Chrome
Build info: version: &#039;3.141.59&#039;, revision: &#039;e82be7d358&#039;, time: &#039;2018-11-14T08:17:03&#039;
System info: host: &#039;FVFF75WVQ05N&#039;, ip: &#039;fe80:0:0:0:a8:7c7b:f1a4:1b03%en0&#039;, os.name: &#039;Mac OS X&#039;, os.arch: &#039;x86_64&#039;, os.version: &#039;10.16&#039;, java.version: &#039;15.0.2&#039;
Driver info: driver.version: ChromeDriver
remote stacktrace: 0   chromedriver                        0x000000010548e6b8 chromedriver + 4937400
1   chromedriver                        0x0000000105485b73 chromedriver + 4901747
2   chromedriver                        0x0000000105043616 chromedriver + 435734
3   chromedriver                        0x0000000105075d10 chromedriver + 642320
4   chromedriver                        0x000000010507118a chromedriver + 622986
5   chromedriver                        0x000000010506d67c chromedriver + 607868
6   chromedriver                        0x00000001050b4a08 chromedriver + 899592
7   chromedriver                        0x00000001050b3ebf chromedriver + 896703
8   chromedriver                        0x00000001050aade3 chromedriver + 859619
9   chromedriver                        0x0000000105078d7f chromedriver + 654719
10  chromedriver                        0x000000010507a0de chromedriver + 659678
11  chromedriver                        0x000000010544a2ad chromedriver + 4657837
12  chromedriver                        0x000000010544f130 chromedriver + 4677936
13  chromedriver                        0x0000000105455def chromedriver + 4705775
14  chromedriver                        0x000000010545005a chromedriver + 4681818
15  chromedriver                        0x000000010542292c chromedriver + 4495660
16  chromedriver                        0x000000010546d838 chromedriver + 4802616
17  chromedriver                        0x000000010546d9b7 chromedriver + 4802999
18  chromedriver                        0x000000010547e99f chromedriver + 4872607
19  libsystem_pthread.dylib             0x00007ff80b2b94f4 _pthread_start + 125
20  libsystem_pthread.dylib             0x00007ff80b2b500f thread_start + 15
" type="org.openqa.selenium.SessionNotCreatedException">
      <![CDATA[org.openqa.selenium.SessionNotCreatedException: session not created: This version of ChromeDriver only supports Chrome version 114
Current browser version is 116.0.5845.110 with binary path /Applications/Google Chrome.app/Contents/MacOS/Google Chrome
Build info: version: '3.141.59', revision: 'e82be7d358', time: '2018-11-14T08:17:03'
System info: host: 'FVFF75WVQ05N', ip: 'fe80:0:0:0:a8:7c7b:f1a4:1b03%en0', os.name: 'Mac OS X', os.arch: 'x86_64', os.version: '10.16', java.version: '15.0.2'
Driver info: driver.version: ChromeDriver
remote stacktrace: 0   chromedriver                        0x000000010548e6b8 chromedriver + 4937400
1   chromedriver                        0x0000000105485b73 chromedriver + 4901747
2   chromedriver                        0x0000000105043616 chromedriver + 435734
3   chromedriver                        0x0000000105075d10 chromedriver + 642320
4   chromedriver                        0x000000010507118a chromedriver + 622986
5   chromedriver                        0x000000010506d67c chromedriver + 607868
6   chromedriver                        0x00000001050b4a08 chromedriver + 899592
7   chromedriver                        0x00000001050b3ebf chromedriver + 896703
8   chromedriver                        0x00000001050aade3 chromedriver + 859619
9   chromedriver                        0x0000000105078d7f chromedriver + 654719
10  chromedriver                        0x000000010507a0de chromedriver + 659678
11  chromedriver                        0x000000010544a2ad chromedriver + 4657837
12  chromedriver                        0x000000010544f130 chromedriver + 4677936
13  chromedriver                        0x0000000105455def chromedriver + 4705775
14  chromedriver                        0x000000010545005a chromedriver + 4681818
15  chromedriver                        0x000000010542292c chromedriver + 4495660
16  chromedriver                        0x000000010546d838 chromedriver + 4802616
17  chromedriver                        0x000000010546d9b7 chromedriver + 4802999
18  chromedriver                        0x000000010547e99f chromedriver + 4872607
19  libsystem_pthread.dylib             0x00007ff80b2b94f4 _pthread_start + 125
20  libsystem_pthread.dylib             0x00007ff80b2b500f thread_start + 15

at java.base/jdk.internal.reflect.NativeConstructorAccessorImpl.newInstance0(Native Method)
at java.base/jdk.internal.reflect.NativeConstructorAccessorImpl.newInstance(NativeConstructorAccessorImpl.java:64)
at java.base/jdk.internal.reflect.DelegatingConstructorAccessorImpl.newInstance(DelegatingConstructorAccessorImpl.java:45)
at java.base/java.lang.reflect.Constructor.newInstanceWithCaller(Constructor.java:500)
at java.base/java.lang.reflect.Constructor.newInstance(Constructor.java:481)
at org.openqa.selenium.remote.W3CHandshakeResponse.lambda$errorHandler$0(W3CHandshakeResponse.java:62)
at org.openqa.selenium.remote.HandshakeResponse.lambda$getResponseFunction$0(HandshakeResponse.java:30)
at org.openqa.selenium.remote.ProtocolHandshake.lambda$createSession$0(ProtocolHandshake.java:126)
at java.base/java.util.stream.ReferencePipeline$3$1.accept(ReferencePipeline.java:195)
at java.base/java.util.Spliterators$ArraySpliterator.tryAdvance(Spliterators.java:958)
at java.base/java.util.stream.ReferencePipeline.forEachWithCancel(ReferencePipeline.java:127)
at java.base/java.util.stream.AbstractPipeline.copyIntoWithCancel(AbstractPipeline.java:502)
at java.base/java.util.stream.AbstractPipeline.copyInto(AbstractPipeline.java:488)
at java.base/java.util.stream.AbstractPipeline.wrapAndCopyInto(AbstractPipeline.java:474)
at java.base/java.util.stream.FindOps$FindOp.evaluateSequential(FindOps.java:150)
at java.base/java.util.stream.AbstractPipeline.evaluate(AbstractPipeline.java:234)
at java.base/java.util.stream.ReferencePipeline.findFirst(ReferencePipeline.java:543)
at org.openqa.selenium.remote.ProtocolHandshake.createSession(ProtocolHandshake.java:128)
at org.openqa.selenium.remote.ProtocolHandshake.createSession(ProtocolHandshake.java:74)
at org.openqa.selenium.remote.HttpCommandExecutor.execute(HttpCommandExecutor.java:136)
at org.openqa.selenium.remote.service.DriverCommandExecutor.execute(DriverCommandExecutor.java:83)
at org.openqa.selenium.remote.RemoteWebDriver.execute(RemoteWebDriver.java:552)
at org.openqa.selenium.remote.RemoteWebDriver.startSession(RemoteWebDriver.java:213)
at org.openqa.selenium.remote.RemoteWebDriver.<init>(RemoteWebDriver.java:131)
at org.openqa.selenium.chrome.ChromeDriver.<init>(ChromeDriver.java:181)
at org.openqa.selenium.chrome.ChromeDriver.<init>(ChromeDriver.java:168)
at org.openqa.selenium.chrome.ChromeDriver.<init>(ChromeDriver.java:123)
at Practice.Nykaa.add_to_cart(Nykaa.java:40)
at java.base/jdk.internal.reflect.NativeMethodAccessorImpl.invoke0(Native Method)
at java.base/jdk.internal.reflect.NativeMethodAccessorImpl.invoke(NativeMethodAccessorImpl.java:64)
at java.base/jdk.internal.reflect.DelegatingMethodAccessorImpl.invoke(DelegatingMethodAccessorImpl.java:43)
at java.base/java.lang.reflect.Method.invoke(Method.java:564)
at org.testng.internal.MethodInvocationHelper.invokeMethod(MethodInvocationHelper.java:133)
at org.testng.internal.TestInvoker.invokeMethod(TestInvoker.java:598)
at org.testng.internal.TestInvoker.invokeTestMethod(TestInvoker.java:173)
at org.testng.internal.MethodRunner.runInSequence(MethodRunner.java:46)
at org.testng.internal.TestInvoker$MethodInvocationAgent.invoke(TestInvoker.java:824)
at org.testng.internal.TestInvoker.invokeTestMethods(TestInvoker.java:146)
at org.testng.internal.TestMethodWorker.invokeTestMethods(TestMethodWorker.java:146)
at org.testng.internal.TestMethodWorker.run(TestMethodWorker.java:128)
at java.base/java.util.ArrayList.forEach(ArrayList.java:1511)
at org.testng.TestRunner.privateRun(TestRunner.java:794)
at org.testng.TestRunner.run(TestRunner.java:596)
at org.testng.SuiteRunner.runTest(SuiteRunner.java:377)
at org.testng.SuiteRunner.runSequentially(SuiteRunner.java:371)
at org.testng.SuiteRunner.privateRun(SuiteRunner.java:332)
at org.testng.SuiteRunner.run(SuiteRunner.java:276)
at org.testng.SuiteRunnerWorker.runSuite(SuiteRunnerWorker.java:53)
at org.testng.SuiteRunnerWorker.run(SuiteRunnerWorker.java:96)
at org.testng.TestNG.runSuitesSequentially(TestNG.java:1212)
at org.testng.TestNG.runSuitesLocally(TestNG.java:1134)
at org.testng.TestNG.runSuites(TestNG.java:1063)
at org.testng.TestNG.run(TestNG.java:1031)
at org.testng.remote.AbstractRemoteTestNG.run(AbstractRemoteTestNG.java:115)
at org.testng.remote.RemoteTestNG.initAndRun(RemoteTestNG.java:251)
at org.testng.remote.RemoteTestNG.main(RemoteTestNG.java:77)
]]>
    </error>
  </testcase> <!-- add_to_cart -->
  <system-out/>
</testsuite> <!-- Practice.Nykaa -->
